c:\users\bogdan\source\repos\курсоваяработа\курсоваяработа\debug\vc142.pdb
c:\users\bogdan\source\repos\курсоваяработа\курсоваяработа\debug\vc142.idb
c:\users\bogdan\source\repos\курсоваяработа\курсоваяработа\debug\employee.obj
c:\users\bogdan\source\repos\курсоваяработа\курсоваяработа\debug\person.obj
c:\users\bogdan\source\repos\курсоваяработа\курсоваяработа\debug\source.obj
c:\users\bogdan\source\repos\курсоваяработа\курсоваяработа\debug\wage.obj
c:\users\bogdan\source\repos\курсоваяработа\debug\курсоваяработа.exe
c:\users\bogdan\source\repos\курсоваяработа\debug\курсоваяработа.ilk
c:\users\bogdan\source\repos\курсоваяработа\debug\курсоваяработа.pdb
c:\users\tnchk\desktop\курсоваяработа\курсоваяработа\debug\employee.obj
c:\users\tnchk\desktop\курсоваяработа\курсоваяработа\debug\person.obj
c:\users\tnchk\desktop\курсоваяработа\курсоваяработа\debug\source.obj
c:\users\tnchk\desktop\курсоваяработа\курсоваяработа\debug\wage.obj
c:\users\tnchk\desktop\курсоваяработа\курсоваяработа\debug\vc142.idb
c:\users\tnchk\desktop\курсоваяработа\курсоваяработа\debug\vc142.pdb
c:\users\tnchk\desktop\курсоваяработа\debug\курсоваяработа.pdb
c:\users\tnchk\desktop\курсоваяработа\debug\курсоваяработа.exe
c:\users\tnchk\desktop\курсоваяработа\debug\курсоваяработа.ilk
c:\users\tnchk\desktop\курсоваяработа\курсоваяработа\debug\курсоваяработа.tlog\cl.command.1.tlog
c:\users\tnchk\desktop\курсоваяработа\курсоваяработа\debug\курсоваяработа.tlog\cl.read.1.tlog
c:\users\tnchk\desktop\курсоваяработа\курсоваяработа\debug\курсоваяработа.tlog\cl.write.1.tlog
c:\users\tnchk\desktop\курсоваяработа\курсоваяработа\debug\курсоваяработа.tlog\link.command.1.tlog
c:\users\tnchk\desktop\курсоваяработа\курсоваяработа\debug\курсоваяработа.tlog\link.read.1.tlog
c:\users\tnchk\desktop\курсоваяработа\курсоваяработа\debug\курсоваяработа.tlog\link.write.1.tlog
